<?xml version="1.0" encoding="UTF-8"?>
<robot generator="Robot 3.1.2 (Python 3.8.0 on win32)" generated="20200923 22:03:50.084" rpa="false">
<suite id="s1" name="DataDrivenTesting" source="E:\Softwares\My PC Apps\Robot Framework\Workspace\DataDrivenTesting">
<suite id="s1-s1" name="Tests" source="E:\Softwares\My PC Apps\Robot Framework\Workspace\DataDrivenTesting\Tests">
<suite id="s1-s1-s1" name="Testcases" source="E:\Softwares\My PC Apps\Robot Framework\Workspace\DataDrivenTesting\Tests\testcases">
<suite id="s1-s1-s1-s1" name="DataDrivenTestCSV" source="E:\Softwares\My PC Apps\Robot Framework\Workspace\DataDrivenTesting\Tests\testcases\DataDrivenTestCSV.robot">
<kw name="Open Application" library="Resource" type="setup">
<kw name="Open Browser" library="SeleniumLibrary">
<doc>Opens a new browser instance to the optional ``url``.</doc>
<arguments>
<arg>${url}</arg>
<arg>${browser}</arg>
</arguments>
<msg timestamp="20200923 22:03:51.130" level="INFO">Opening browser 'chrome' to base url 'https://opensource-demo.orangehrmlive.com/'.</msg>
<status status="PASS" starttime="20200923 22:03:51.129" endtime="20200923 22:04:06.671"></status>
</kw>
<kw name="Maximize Browser Window" library="SeleniumLibrary">
<doc>Maximizes current browser window.</doc>
<status status="PASS" starttime="20200923 22:04:06.675" endtime="20200923 22:04:07.854"></status>
</kw>
<status status="PASS" starttime="20200923 22:03:51.126" endtime="20200923 22:04:07.858"></status>
</kw>
<test id="s1-s1-s1-s1-t1" name="LoginTestWithCSV using ${username} and ${password}">
<kw name="Login To Application">
<arguments>
<arg>${username}</arg>
<arg>${password}</arg>
</arguments>
<msg timestamp="20200923 22:04:07.873" level="FAIL">Variable '${username}' not found.</msg>
<status status="FAIL" starttime="20200923 22:04:07.868" endtime="20200923 22:04:07.874"></status>
</kw>
<status status="FAIL" starttime="20200923 22:04:07.860" endtime="20200923 22:04:07.876" critical="yes">Variable '${username}' not found.</status>
</test>
<test id="s1-s1-s1-s1-t2" name="LoginTestWithCSV using ${username} and ${password}">
<kw name="Login To Application">
<arguments>
<arg>${username}</arg>
<arg>${password}</arg>
</arguments>
<msg timestamp="20200923 22:04:07.892" level="FAIL">Variable '${username}' not found.</msg>
<status status="FAIL" starttime="20200923 22:04:07.884" endtime="20200923 22:04:07.899"></status>
</kw>
<status status="FAIL" starttime="20200923 22:04:07.880" endtime="20200923 22:04:07.903" critical="yes">Variable '${username}' not found.</status>
</test>
<test id="s1-s1-s1-s1-t3" name="LoginTestWithCSV using ${username} and ${password}">
<kw name="Login To Application">
<arguments>
<arg>${username}</arg>
<arg>${password}</arg>
</arguments>
<msg timestamp="20200923 22:04:07.920" level="FAIL">Variable '${username}' not found.</msg>
<status status="FAIL" starttime="20200923 22:04:07.915" endtime="20200923 22:04:07.923"></status>
</kw>
<status status="FAIL" starttime="20200923 22:04:07.909" endtime="20200923 22:04:07.925" critical="yes">Variable '${username}' not found.</status>
</test>
<kw name="Close Application" library="Resource" type="teardown">
<kw name="Close Browser" library="SeleniumLibrary">
<doc>Closes the current browser.</doc>
<status status="PASS" starttime="20200923 22:04:07.934" endtime="20200923 22:04:10.723"></status>
</kw>
<status status="PASS" starttime="20200923 22:04:07.930" endtime="20200923 22:04:10.724"></status>
</kw>
<status status="FAIL" starttime="20200923 22:03:50.305" endtime="20200923 22:04:10.725"></status>
</suite>
<status status="FAIL" starttime="20200923 22:03:50.296" endtime="20200923 22:04:10.732"></status>
</suite>
<status status="FAIL" starttime="20200923 22:03:50.288" endtime="20200923 22:04:10.736"></status>
</suite>
<status status="FAIL" starttime="20200923 22:03:50.195" endtime="20200923 22:04:10.741"></status>
</suite>
<statistics>
<total>
<stat pass="0" fail="3">Critical Tests</stat>
<stat pass="0" fail="3">All Tests</stat>
</total>
<tag>
</tag>
<suite>
<stat pass="0" fail="3" id="s1" name="DataDrivenTesting">DataDrivenTesting</stat>
<stat pass="0" fail="3" id="s1-s1" name="Tests">DataDrivenTesting.Tests</stat>
<stat pass="0" fail="3" id="s1-s1-s1" name="Testcases">DataDrivenTesting.Tests.Testcases</stat>
<stat pass="0" fail="3" id="s1-s1-s1-s1" name="DataDrivenTestCSV">DataDrivenTesting.Tests.Testcases.DataDrivenTestCSV</stat>
</suite>
</statistics>
<errors>
<msg timestamp="20200923 22:04:07.879" level="WARN">Multiple test cases with name 'LoginTestWithCSV using ${username} and ${password}' executed in test suite 'DataDrivenTesting.Tests.Testcases.DataDrivenTestCSV'.</msg>
<msg timestamp="20200923 22:04:07.909" level="WARN">Multiple test cases with name 'LoginTestWithCSV using ${username} and ${password}' executed in test suite 'DataDrivenTesting.Tests.Testcases.DataDrivenTestCSV'.</msg>
</errors>
</robot>
